Mplus VERSION 7.31
MUTHEN & MUTHEN
11/20/2015   9:26 AM

INPUT INSTRUCTIONS

  TITLE:  CFA

  DATA:
    FILE IS "C:\Users\YXD121\Desktop\BURNOUT.dat";

  VARIABLE:
    NAMES ARE ID gender burn1 burn2 burn3 burn4 burn5 burn6;
    USEVARIABLES ARE burn1 burn2 burn3 burn4 burn5 burn6 ;

  ANALYSIS:
    TYPE IS GENERAL;
    ESTIMATOR IS ML;
    ITERATIONS = 1000;
    CONVERGENCE = 0.00005;

  MODEL:
    burn by burn1* burn2 burn3 burn4 burn5 burn6 ;
    burn@1 ;

  OUTPUT:  SAMPSTAT MODINDICES STANDARDIZED CINTERVAL;



INPUT READING TERMINATED NORMALLY



InClass_CFA

SUMMARY OF ANALYSIS

Number of groups                                                 1
Number of observations                                         506

Number of dependent variables                                    6
Number of independent variables                                  0
Number of continuous latent variables                            1

Observed dependent variables

  Continuous
   BURN1       BURN2       BURN3       BURN4       BURN5       BURN6

Continuous latent variables
   BURN


Estimator                                                       ML
Information matrix                                        OBSERVED
Maximum number of iterations                                  1000
Convergence criterion                                    0.500D-04
Maximum number of steepest descent iterations                   20

Input data file(s)
  C:\Users\YXD121\Desktop\BURNOUT.dat

Input data format  FREE


SAMPLE STATISTICS


     SAMPLE STATISTICS


           Means
              BURN1         BURN2         BURN3         BURN4         BURN5
              ________      ________      ________      ________      ________
      1         2.002         1.832         2.073         1.419         1.844


           Means
              BURN6
              ________
      1         2.136


           Covariances
              BURN1         BURN2         BURN3         BURN4         BURN5
              ________      ________      ________      ________      ________
 BURN1          1.030
 BURN2          0.589         1.041
 BURN3          0.622         0.791         1.091
 BURN4          0.345         0.428         0.477         0.639
 BURN5          0.443         0.515         0.567         0.390         0.938
 BURN6          0.731         0.669         0.757         0.407         0.490


           Covariances
              BURN6
              ________
 BURN6          0.936


           Correlations
              BURN1         BURN2         BURN3         BURN4         BURN5
              ________      ________      ________      ________      ________
 BURN1          1.000
 BURN2          0.569         1.000
 BURN3          0.587         0.742         1.000
 BURN4          0.425         0.525         0.572         1.000
 BURN5          0.451         0.521         0.560         0.503         1.000
 BURN6          0.745         0.678         0.749         0.527         0.523


           Correlations
              BURN6
              ________
 BURN6          1.000


UNIVARIATE SAMPLE STATISTICS


     UNIVARIATE HIGHER-ORDER MOMENT DESCRIPTIVE STATISTICS

         Variable/         Mean/     Skewness/   Minimum/ % with                Percentiles
        Sample Size      Variance    Kurtosis    Maximum  Min/Max      20%/60%    40%/80%    Median

     BURN1                 2.002       0.632       1.000   40.32%       1.000      1.000      2.000
             506.000       1.030      -0.781       4.000   11.07%       2.000      3.000
     BURN2                 1.832       0.843       1.000   52.96%       1.000      1.000      1.000
             506.000       1.041      -0.637       4.000    8.89%       2.000      3.000
     BURN3                 2.073       0.478       1.000   39.33%       1.000      2.000      2.000
             506.000       1.091      -1.048       4.000   11.86%       2.000      3.000
     BURN4                 1.419       1.822       1.000   74.51%       1.000      1.000      1.000
             506.000       0.639       2.229       4.000    3.36%       1.000      2.000
     BURN5                 1.844       0.838       1.000   48.02%       1.000      1.000      2.000
             506.000       0.938      -0.445       4.000    7.91%       2.000      3.000
     BURN6                 2.136       0.380       1.000   31.03%       1.000      2.000      2.000
             506.000       0.936      -0.890       4.000    9.88%       2.000      3.000


THE MODEL ESTIMATION TERMINATED NORMALLY



MODEL FIT INFORMATION

Number of Free Parameters                       18

Loglikelihood

          H0 Value                       -3373.046
          H1 Value                       -3323.405

Information Criteria

          Akaike (AIC)                    6782.092
          Bayesian (BIC)                  6858.170
          Sample-Size Adjusted BIC        6801.036
            (n* = (n + 2) / 24)

Chi-Square Test of Model Fit

          Value                             99.282
          Degrees of Freedom                     9
          P-Value                           0.0000

RMSEA (Root Mean Square Error Of Approximation)

          Estimate                           0.141
          90 Percent C.I.                    0.117  0.166
          Probability RMSEA <= .05           0.000

CFI/TLI

          CFI                                0.948
          TLI                                0.914

Chi-Square Test of Model Fit for the Baseline Model

          Value                           1755.674
          Degrees of Freedom                    15
          P-Value                           0.0000

SRMR (Standardized Root Mean Square Residual)

          Value                              0.034



MODEL RESULTS

                                                    Two-Tailed
                    Estimate       S.E.  Est./S.E.    P-Value

 BURN     BY
    BURN1              0.754      0.040     18.770      0.000
    BURN2              0.826      0.039     21.413      0.000
    BURN3              0.906      0.038     23.806      0.000
    BURN4              0.510      0.033     15.457      0.000
    BURN5              0.616      0.040     15.392      0.000
    BURN6              0.844      0.035     23.972      0.000

 Intercepts
    BURN1              2.002      0.045     44.380      0.000
    BURN2              1.832      0.045     40.391      0.000
    BURN3              2.073      0.046     44.636      0.000
    BURN4              1.419      0.036     39.940      0.000
    BURN5              1.844      0.043     42.824      0.000
    BURN6              2.136      0.043     49.673      0.000

 Variances
    BURN               1.000      0.000    999.000    999.000

 Residual Variances
    BURN1              0.461      0.034     13.531      0.000
    BURN2              0.359      0.028     12.743      0.000
    BURN3              0.271      0.025     10.830      0.000
    BURN4              0.379      0.026     14.827      0.000
    BURN5              0.559      0.038     14.848      0.000
    BURN6              0.223      0.022     10.357      0.000


STANDARDIZED MODEL RESULTS


STDYX Standardization

                                                    Two-Tailed
                    Estimate       S.E.  Est./S.E.    P-Value

 BURN     BY
    BURN1              0.743      0.023     32.183      0.000
    BURN2              0.809      0.018     44.221      0.000
    BURN3              0.867      0.015     59.118      0.000
    BURN4              0.638      0.029     22.220      0.000
    BURN5              0.636      0.029     22.059      0.000
    BURN6              0.872      0.015     59.752      0.000

 Intercepts
    BURN1              1.973      0.076     25.856      0.000
    BURN2              1.796      0.072     24.991      0.000
    BURN3              1.984      0.077     25.906      0.000
    BURN4              1.776      0.071     24.883      0.000
    BURN5              1.904      0.075     25.537      0.000
    BURN6              2.208      0.082     26.789      0.000

 Variances
    BURN               1.000      0.000    999.000    999.000

 Residual Variances
    BURN1              0.448      0.034     13.046      0.000
    BURN2              0.345      0.030     11.637      0.000
    BURN3              0.248      0.025      9.751      0.000
    BURN4              0.593      0.037     16.195      0.000
    BURN5              0.596      0.037     16.271      0.000
    BURN6              0.239      0.025      9.371      0.000


STDY Standardization

                                                    Two-Tailed
                    Estimate       S.E.  Est./S.E.    P-Value

 BURN     BY
    BURN1              0.743      0.023     32.183      0.000
    BURN2              0.809      0.018     44.221      0.000
    BURN3              0.867      0.015     59.118      0.000
    BURN4              0.638      0.029     22.220      0.000
    BURN5              0.636      0.029     22.059      0.000
    BURN6              0.872      0.015     59.752      0.000

 Intercepts
    BURN1              1.973      0.076     25.856      0.000
    BURN2              1.796      0.072     24.991      0.000
    BURN3              1.984      0.077     25.906      0.000
    BURN4              1.776      0.071     24.883      0.000
    BURN5              1.904      0.075     25.537      0.000
    BURN6              2.208      0.082     26.789      0.000

 Variances
    BURN               1.000      0.000    999.000    999.000

 Residual Variances
    BURN1              0.448      0.034     13.046      0.000
    BURN2              0.345      0.030     11.637      0.000
    BURN3              0.248      0.025      9.751      0.000
    BURN4              0.593      0.037     16.195      0.000
    BURN5              0.596      0.037     16.271      0.000
    BURN6              0.239      0.025      9.371      0.000


STD Standardization

                                                    Two-Tailed
                    Estimate       S.E.  Est./S.E.    P-Value

 BURN     BY
    BURN1              0.754      0.040     18.770      0.000
    BURN2              0.826      0.039     21.413      0.000
    BURN3              0.906      0.038     23.806      0.000
    BURN4              0.510      0.033     15.457      0.000
    BURN5              0.616      0.040     15.392      0.000
    BURN6              0.844      0.035     23.972      0.000

 Intercepts
    BURN1              2.002      0.045     44.380      0.000
    BURN2              1.832      0.045     40.391      0.000
    BURN3              2.073      0.046     44.636      0.000
    BURN4              1.419      0.036     39.940      0.000
    BURN5              1.844      0.043     42.824      0.000
    BURN6              2.136      0.043     49.673      0.000

 Variances
    BURN               1.000      0.000    999.000    999.000

 Residual Variances
    BURN1              0.461      0.034     13.531      0.000
    BURN2              0.359      0.028     12.743      0.000
    BURN3              0.271      0.025     10.830      0.000
    BURN4              0.379      0.026     14.827      0.000
    BURN5              0.559      0.038     14.848      0.000
    BURN6              0.223      0.022     10.357      0.000


R-SQUARE

    Observed                                        Two-Tailed
    Variable        Estimate       S.E.  Est./S.E.    P-Value

    BURN1              0.552      0.034     16.092      0.000
    BURN2              0.655      0.030     22.111      0.000
    BURN3              0.752      0.025     29.559      0.000
    BURN4              0.407      0.037     11.110      0.000
    BURN5              0.404      0.037     11.029      0.000
    BURN6              0.761      0.025     29.876      0.000


QUALITY OF NUMERICAL RESULTS

     Condition Number for the Information Matrix              0.454E-01
       (ratio of smallest to largest eigenvalue)


CONFIDENCE INTERVALS OF MODEL RESULTS

                  Lower .5%  Lower 2.5%    Lower 5%    Estimate    Upper 5%  Upper 2.5%   Upper .5%

 BURN     BY
    BURN1            0.651       0.675       0.688       0.754       0.820       0.833       0.858
    BURN2            0.726       0.750       0.762       0.826       0.889       0.901       0.925
    BURN3            0.808       0.831       0.843       0.906       0.969       0.981       1.004
    BURN4            0.425       0.445       0.456       0.510       0.564       0.574       0.595
    BURN5            0.513       0.537       0.550       0.616       0.681       0.694       0.719
    BURN6            0.753       0.775       0.786       0.844       0.902       0.913       0.935

 Intercepts
    BURN1            1.886       1.914       1.928       2.002       2.076       2.090       2.118
    BURN2            1.715       1.743       1.757       1.832       1.907       1.921       1.949
    BURN3            1.953       1.982       1.997       2.073       2.150       2.164       2.193
    BURN4            1.327       1.349       1.361       1.419       1.477       1.489       1.510
    BURN5            1.733       1.759       1.773       1.844       1.915       1.928       1.955
    BURN6            2.026       2.052       2.066       2.136       2.207       2.221       2.247

 Variances
    BURN             1.000       1.000       1.000       1.000       1.000       1.000       1.000

 Residual Variances
    BURN1            0.373       0.394       0.405       0.461       0.517       0.528       0.549
    BURN2            0.286       0.304       0.313       0.359       0.405       0.414       0.431
    BURN3            0.206       0.222       0.230       0.271       0.312       0.320       0.335
    BURN4            0.313       0.329       0.337       0.379       0.421       0.429       0.445
    BURN5            0.462       0.485       0.497       0.559       0.621       0.633       0.656
    BURN6            0.168       0.181       0.188       0.223       0.259       0.266       0.279


CONFIDENCE INTERVALS OF STANDARDIZED MODEL RESULTS


STDYX Standardization

                  Lower .5%  Lower 2.5%    Lower 5%    Estimate    Upper 5%  Upper 2.5%   Upper .5%

 BURN     BY
    BURN1            0.684       0.698       0.705       0.743       0.781       0.788       0.803
    BURN2            0.762       0.774       0.779       0.809       0.840       0.845       0.857
    BURN3            0.829       0.838       0.843       0.867       0.891       0.896       0.905
    BURN4            0.564       0.582       0.591       0.638       0.685       0.694       0.712
    BURN5            0.561       0.579       0.588       0.636       0.683       0.692       0.710
    BURN6            0.835       0.844       0.848       0.872       0.897       0.901       0.910

 Intercepts
    BURN1            1.776       1.823       1.847       1.973       2.098       2.123       2.169
    BURN2            1.611       1.655       1.677       1.796       1.914       1.936       1.981
    BURN3            1.787       1.834       1.858       1.984       2.110       2.134       2.182
    BURN4            1.592       1.636       1.658       1.776       1.893       1.915       1.959
    BURN5            1.712       1.758       1.781       1.904       2.026       2.050       2.096
    BURN6            1.996       2.047       2.073       2.208       2.344       2.370       2.421

 Variances
    BURN             1.000       1.000       1.000       1.000       1.000       1.000       1.000

 Residual Variances
    BURN1            0.359       0.380       0.391       0.448       0.504       0.515       0.536
    BURN2            0.268       0.287       0.296       0.345       0.394       0.403       0.421
    BURN3            0.183       0.198       0.206       0.248       0.290       0.298       0.314
    BURN4            0.499       0.521       0.533       0.593       0.653       0.665       0.687
    BURN5            0.502       0.524       0.536       0.596       0.656       0.668       0.690
    BURN6            0.173       0.189       0.197       0.239       0.281       0.289       0.304


STDY Standardization

                  Lower .5%  Lower 2.5%    Lower 5%    Estimate    Upper 5%  Upper 2.5%   Upper .5%

 BURN     BY
    BURN1            0.684       0.698       0.705       0.743       0.781       0.788       0.803
    BURN2            0.762       0.774       0.779       0.809       0.840       0.845       0.857
    BURN3            0.829       0.838       0.843       0.867       0.891       0.896       0.905
    BURN4            0.564       0.582       0.591       0.638       0.685       0.694       0.712
    BURN5            0.561       0.579       0.588       0.636       0.683       0.692       0.710
    BURN6            0.835       0.844       0.848       0.872       0.897       0.901       0.910

 Intercepts
    BURN1            1.776       1.823       1.847       1.973       2.098       2.123       2.169
    BURN2            1.611       1.655       1.677       1.796       1.914       1.936       1.981
    BURN3            1.787       1.834       1.858       1.984       2.110       2.134       2.182
    BURN4            1.592       1.636       1.658       1.776       1.893       1.915       1.959
    BURN5            1.712       1.758       1.781       1.904       2.026       2.050       2.096
    BURN6            1.996       2.047       2.073       2.208       2.344       2.370       2.421

 Variances
    BURN             1.000       1.000       1.000       1.000       1.000       1.000       1.000

 Residual Variances
    BURN1            0.359       0.380       0.391       0.448       0.504       0.515       0.536
    BURN2            0.268       0.287       0.296       0.345       0.394       0.403       0.421
    BURN3            0.183       0.198       0.206       0.248       0.290       0.298       0.314
    BURN4            0.499       0.521       0.533       0.593       0.653       0.665       0.687
    BURN5            0.502       0.524       0.536       0.596       0.656       0.668       0.690
    BURN6            0.173       0.189       0.197       0.239       0.281       0.289       0.304


STD Standardization

                  Lower .5%  Lower 2.5%    Lower 5%    Estimate    Upper 5%  Upper 2.5%   Upper .5%

 BURN     BY
    BURN1            0.651       0.675       0.688       0.754       0.820       0.833       0.858
    BURN2            0.726       0.750       0.762       0.826       0.889       0.901       0.925
    BURN3            0.808       0.831       0.843       0.906       0.969       0.981       1.004
    BURN4            0.425       0.445       0.456       0.510       0.564       0.574       0.595
    BURN5            0.513       0.537       0.550       0.616       0.681       0.694       0.719
    BURN6            0.753       0.775       0.786       0.844       0.902       0.913       0.935

 Intercepts
    BURN1            1.886       1.914       1.928       2.002       2.076       2.090       2.118
    BURN2            1.715       1.743       1.757       1.832       1.907       1.921       1.949
    BURN3            1.953       1.982       1.997       2.073       2.150       2.164       2.193
    BURN4            1.327       1.349       1.361       1.419       1.477       1.489       1.510
    BURN5            1.733       1.759       1.773       1.844       1.915       1.928       1.955
    BURN6            2.026       2.052       2.066       2.136       2.207       2.221       2.247

 Variances
    BURN             1.000       1.000       1.000       1.000       1.000       1.000       1.000

 Residual Variances
    BURN1            0.373       0.394       0.405       0.461       0.517       0.528       0.549
    BURN2            0.286       0.304       0.313       0.359       0.405       0.414       0.431
    BURN3            0.206       0.222       0.230       0.271       0.312       0.320       0.335
    BURN4            0.313       0.329       0.337       0.379       0.421       0.429       0.445
    BURN5            0.462       0.485       0.497       0.559       0.621       0.633       0.656
    BURN6            0.168       0.181       0.188       0.223       0.259       0.266       0.279


MODEL MODIFICATION INDICES

NOTE:  Modification indices for direct effects of observed dependent variables
regressed on covariates may not be included.  To include these, request
MODINDICES (ALL).

Minimum M.I. value for printing the modification index    10.000

                                   M.I.     E.P.C.  Std E.P.C.  StdYX E.P.C.

WITH Statements

BURN3    WITH BURN1               29.331    -0.119     -0.119       -0.337
BURN3    WITH BURN2               23.504     0.106      0.106        0.339
BURN5    WITH BURN4               15.891     0.088      0.088        0.191
BURN6    WITH BURN1               88.728     0.191      0.191        0.596
BURN6    WITH BURN2               12.627    -0.072     -0.072       -0.253


DIAGRAM INFORMATION

  Use View Diagram under the Diagram menu in the Mplus Editor to view the diagram.
  If running Mplus from the Mplus Diagrammer, the diagram opens automatically.

  Diagram output
    c:\users\yxd121\desktop\inclass2\inclass_cfa.dgm

     Beginning Time:  09:26:34
        Ending Time:  09:26:34
       Elapsed Time:  00:00:00



MUTHEN & MUTHEN
3463 Stoner Ave.
Los Angeles, CA  90066

Tel: (310) 391-9971
Fax: (310) 391-8971
Web: www.StatModel.com
Support: Support@StatModel.com

Copyright (c) 1998-2015 Muthen & Muthen
