Mplus VERSION 7.31
MUTHEN & MUTHEN
11/20/2015   9:32 AM

INPUT INSTRUCTIONS

  TITLE:  CFA

  DATA:
    FILE IS "C:\Users\YXD121\Desktop\BURNOUT.dat";

  VARIABLE:
    NAMES ARE ID gender burn1 burn2 burn3 burn4 burn5 burn6;
    USEVARIABLES ARE burn1 burn2 burn3 burn4 burn5 burn6 ;

  ANALYSIS:
    TYPE IS GENERAL;
    ESTIMATOR IS ML;
    ITERATIONS = 1000;
    CONVERGENCE = 0.00005;

  MODEL:
    burn by burn1* burn2 burn3 burn4 burn5 burn6 ;
    burn@1 ;
    burn1 WITH burn6 ;
    burn4 WITH burn5 ;
  OUTPUT:  SAMPSTAT MODINDICES STANDARDIZED CINTERVAL;



INPUT READING TERMINATED NORMALLY



InClass_CFA

SUMMARY OF ANALYSIS

Number of groups                                                 1
Number of observations                                         506

Number of dependent variables                                    6
Number of independent variables                                  0
Number of continuous latent variables                            1

Observed dependent variables

  Continuous
   BURN1       BURN2       BURN3       BURN4       BURN5       BURN6

Continuous latent variables
   BURN


Estimator                                                       ML
Information matrix                                        OBSERVED
Maximum number of iterations                                  1000
Convergence criterion                                    0.500D-04
Maximum number of steepest descent iterations                   20

Input data file(s)
  C:\Users\YXD121\Desktop\BURNOUT.dat

Input data format  FREE


SAMPLE STATISTICS


     SAMPLE STATISTICS


           Means
              BURN1         BURN2         BURN3         BURN4         BURN5
              ________      ________      ________      ________      ________
      1         2.002         1.832         2.073         1.419         1.844


           Means
              BURN6
              ________
      1         2.136


           Covariances
              BURN1         BURN2         BURN3         BURN4         BURN5
              ________      ________      ________      ________      ________
 BURN1          1.030
 BURN2          0.589         1.041
 BURN3          0.622         0.791         1.091
 BURN4          0.345         0.428         0.477         0.639
 BURN5          0.443         0.515         0.567         0.390         0.938
 BURN6          0.731         0.669         0.757         0.407         0.490


           Covariances
              BURN6
              ________
 BURN6          0.936


           Correlations
              BURN1         BURN2         BURN3         BURN4         BURN5
              ________      ________      ________      ________      ________
 BURN1          1.000
 BURN2          0.569         1.000
 BURN3          0.587         0.742         1.000
 BURN4          0.425         0.525         0.572         1.000
 BURN5          0.451         0.521         0.560         0.503         1.000
 BURN6          0.745         0.678         0.749         0.527         0.523


           Correlations
              BURN6
              ________
 BURN6          1.000


UNIVARIATE SAMPLE STATISTICS


     UNIVARIATE HIGHER-ORDER MOMENT DESCRIPTIVE STATISTICS

         Variable/         Mean/     Skewness/   Minimum/ % with                Percentiles
        Sample Size      Variance    Kurtosis    Maximum  Min/Max      20%/60%    40%/80%    Median

     BURN1                 2.002       0.632       1.000   40.32%       1.000      1.000      2.000
             506.000       1.030      -0.781       4.000   11.07%       2.000      3.000
     BURN2                 1.832       0.843       1.000   52.96%       1.000      1.000      1.000
             506.000       1.041      -0.637       4.000    8.89%       2.000      3.000
     BURN3                 2.073       0.478       1.000   39.33%       1.000      2.000      2.000
             506.000       1.091      -1.048       4.000   11.86%       2.000      3.000
     BURN4                 1.419       1.822       1.000   74.51%       1.000      1.000      1.000
             506.000       0.639       2.229       4.000    3.36%       1.000      2.000
     BURN5                 1.844       0.838       1.000   48.02%       1.000      1.000      2.000
             506.000       0.938      -0.445       4.000    7.91%       2.000      3.000
     BURN6                 2.136       0.380       1.000   31.03%       1.000      2.000      2.000
             506.000       0.936      -0.890       4.000    9.88%       2.000      3.000


THE MODEL ESTIMATION TERMINATED NORMALLY



MODEL FIT INFORMATION

Number of Free Parameters                       20

Loglikelihood

          H0 Value                       -3326.054
          H1 Value                       -3323.405

Information Criteria

          Akaike (AIC)                    6692.108
          Bayesian (BIC)                  6776.638
          Sample-Size Adjusted BIC        6713.156
            (n* = (n + 2) / 24)

Chi-Square Test of Model Fit

          Value                              5.298
          Degrees of Freedom                     7
          P-Value                           0.6237

RMSEA (Root Mean Square Error Of Approximation)

          Estimate                           0.000
          90 Percent C.I.                    0.000  0.046
          Probability RMSEA <= .05           0.967

CFI/TLI

          CFI                                1.000
          TLI                                1.002

Chi-Square Test of Model Fit for the Baseline Model

          Value                           1755.674
          Degrees of Freedom                    15
          P-Value                           0.0000

SRMR (Standardized Root Mean Square Residual)

          Value                              0.007



MODEL RESULTS

                                                    Two-Tailed
                    Estimate       S.E.  Est./S.E.    P-Value

 BURN     BY
    BURN1              0.680      0.042     16.225      0.000
    BURN2              0.841      0.038     21.944      0.000
    BURN3              0.939      0.037     25.044      0.000
    BURN4              0.508      0.033     15.318      0.000
    BURN5              0.609      0.040     15.084      0.000
    BURN6              0.802      0.036     22.146      0.000

 BURN1    WITH
    BURN6              0.186      0.025      7.378      0.000

 BURN4    WITH
    BURN5              0.080      0.023      3.492      0.000

 Intercepts
    BURN1              2.002      0.045     44.381      0.000
    BURN2              1.832      0.045     40.391      0.000
    BURN3              2.073      0.046     44.636      0.000
    BURN4              1.419      0.036     39.939      0.000
    BURN5              1.844      0.043     42.824      0.000
    BURN6              2.136      0.043     49.673      0.000

 Variances
    BURN               1.000      0.000    999.000    999.000

 Residual Variances
    BURN1              0.568      0.040     14.201      0.000
    BURN2              0.333      0.027     12.142      0.000
    BURN3              0.209      0.024      8.560      0.000
    BURN4              0.380      0.026     14.710      0.000
    BURN5              0.568      0.038     14.742      0.000
    BURN6              0.292      0.024     11.984      0.000


STANDARDIZED MODEL RESULTS


STDYX Standardization

                                                    Two-Tailed
                    Estimate       S.E.  Est./S.E.    P-Value

 BURN     BY
    BURN1              0.670      0.028     24.109      0.000
    BURN2              0.824      0.018     46.860      0.000
    BURN3              0.899      0.014     66.395      0.000
    BURN4              0.636      0.029     21.840      0.000
    BURN5              0.629      0.030     21.264      0.000
    BURN6              0.829      0.017     47.988      0.000

 BURN1    WITH
    BURN6              0.456      0.041     11.059      0.000

 BURN4    WITH
    BURN5              0.173      0.046      3.731      0.000

 Intercepts
    BURN1              1.973      0.076     25.856      0.000
    BURN2              1.796      0.072     24.991      0.000
    BURN3              1.984      0.077     25.906      0.000
    BURN4              1.776      0.071     24.883      0.000
    BURN5              1.904      0.075     25.537      0.000
    BURN6              2.208      0.082     26.789      0.000

 Variances
    BURN               1.000      0.000    999.000    999.000

 Residual Variances
    BURN1              0.551      0.037     14.822      0.000
    BURN2              0.320      0.029     11.041      0.000
    BURN3              0.192      0.024      7.885      0.000
    BURN4              0.596      0.037     16.084      0.000
    BURN5              0.605      0.037     16.284      0.000
    BURN6              0.312      0.029     10.879      0.000


STDY Standardization

                                                    Two-Tailed
                    Estimate       S.E.  Est./S.E.    P-Value

 BURN     BY
    BURN1              0.670      0.028     24.109      0.000
    BURN2              0.824      0.018     46.860      0.000
    BURN3              0.899      0.014     66.395      0.000
    BURN4              0.636      0.029     21.840      0.000
    BURN5              0.629      0.030     21.264      0.000
    BURN6              0.829      0.017     47.988      0.000

 BURN1    WITH
    BURN6              0.456      0.041     11.059      0.000

 BURN4    WITH
    BURN5              0.173      0.046      3.731      0.000

 Intercepts
    BURN1              1.973      0.076     25.856      0.000
    BURN2              1.796      0.072     24.991      0.000
    BURN3              1.984      0.077     25.906      0.000
    BURN4              1.776      0.071     24.883      0.000
    BURN5              1.904      0.075     25.537      0.000
    BURN6              2.208      0.082     26.789      0.000

 Variances
    BURN               1.000      0.000    999.000    999.000

 Residual Variances
    BURN1              0.551      0.037     14.822      0.000
    BURN2              0.320      0.029     11.041      0.000
    BURN3              0.192      0.024      7.885      0.000
    BURN4              0.596      0.037     16.084      0.000
    BURN5              0.605      0.037     16.284      0.000
    BURN6              0.312      0.029     10.879      0.000


STD Standardization

                                                    Two-Tailed
                    Estimate       S.E.  Est./S.E.    P-Value

 BURN     BY
    BURN1              0.680      0.042     16.225      0.000
    BURN2              0.841      0.038     21.944      0.000
    BURN3              0.939      0.037     25.044      0.000
    BURN4              0.508      0.033     15.318      0.000
    BURN5              0.609      0.040     15.084      0.000
    BURN6              0.802      0.036     22.146      0.000

 BURN1    WITH
    BURN6              0.186      0.025      7.378      0.000

 BURN4    WITH
    BURN5              0.080      0.023      3.492      0.000

 Intercepts
    BURN1              2.002      0.045     44.381      0.000
    BURN2              1.832      0.045     40.391      0.000
    BURN3              2.073      0.046     44.636      0.000
    BURN4              1.419      0.036     39.939      0.000
    BURN5              1.844      0.043     42.824      0.000
    BURN6              2.136      0.043     49.673      0.000

 Variances
    BURN               1.000      0.000    999.000    999.000

 Residual Variances
    BURN1              0.568      0.040     14.201      0.000
    BURN2              0.333      0.027     12.142      0.000
    BURN3              0.209      0.024      8.560      0.000
    BURN4              0.380      0.026     14.710      0.000
    BURN5              0.568      0.038     14.742      0.000
    BURN6              0.292      0.024     11.984      0.000


R-SQUARE

    Observed                                        Two-Tailed
    Variable        Estimate       S.E.  Est./S.E.    P-Value

    BURN1              0.449      0.037     12.055      0.000
    BURN2              0.680      0.029     23.430      0.000
    BURN3              0.808      0.024     33.198      0.000
    BURN4              0.404      0.037     10.920      0.000
    BURN5              0.395      0.037     10.632      0.000
    BURN6              0.688      0.029     23.994      0.000


QUALITY OF NUMERICAL RESULTS

     Condition Number for the Information Matrix              0.178E-01
       (ratio of smallest to largest eigenvalue)


CONFIDENCE INTERVALS OF MODEL RESULTS

                  Lower .5%  Lower 2.5%    Lower 5%    Estimate    Upper 5%  Upper 2.5%   Upper .5%

 BURN     BY
    BURN1            0.572       0.597       0.611       0.680       0.748       0.762       0.787
    BURN2            0.742       0.766       0.778       0.841       0.904       0.916       0.940
    BURN3            0.843       0.866       0.877       0.939       1.001       1.013       1.036
    BURN4            0.423       0.443       0.454       0.508       0.563       0.573       0.594
    BURN5            0.505       0.530       0.542       0.609       0.675       0.688       0.713
    BURN6            0.709       0.731       0.743       0.802       0.862       0.874       0.896

 BURN1    WITH
    BURN6            0.121       0.136       0.144       0.186       0.227       0.235       0.250

 BURN4    WITH
    BURN5            0.021       0.035       0.042       0.080       0.118       0.125       0.139

 Intercepts
    BURN1            1.886       1.914       1.928       2.002       2.076       2.090       2.118
    BURN2            1.715       1.743       1.757       1.832       1.907       1.921       1.949
    BURN3            1.953       1.982       1.997       2.073       2.150       2.164       2.193
    BURN4            1.327       1.349       1.361       1.419       1.477       1.489       1.510
    BURN5            1.733       1.759       1.773       1.844       1.915       1.928       1.955
    BURN6            2.026       2.052       2.066       2.136       2.207       2.221       2.247

 Variances
    BURN             1.000       1.000       1.000       1.000       1.000       1.000       1.000

 Residual Variances
    BURN1            0.465       0.489       0.502       0.568       0.634       0.646       0.671
    BURN2            0.263       0.280       0.288       0.333       0.379       0.387       0.404
    BURN3            0.146       0.162       0.169       0.209       0.250       0.257       0.273
    BURN4            0.314       0.330       0.338       0.380       0.423       0.431       0.447
    BURN5            0.468       0.492       0.504       0.568       0.631       0.643       0.667
    BURN6            0.229       0.244       0.252       0.292       0.332       0.340       0.355


CONFIDENCE INTERVALS OF STANDARDIZED MODEL RESULTS


STDYX Standardization

                  Lower .5%  Lower 2.5%    Lower 5%    Estimate    Upper 5%  Upper 2.5%   Upper .5%

 BURN     BY
    BURN1            0.598       0.615       0.624       0.670       0.715       0.724       0.741
    BURN2            0.779       0.790       0.795       0.824       0.853       0.859       0.870
    BURN3            0.864       0.872       0.877       0.899       0.921       0.925       0.934
    BURN4            0.561       0.579       0.588       0.636       0.684       0.693       0.711
    BURN5            0.552       0.571       0.580       0.629       0.677       0.686       0.705
    BURN6            0.785       0.796       0.801       0.829       0.858       0.863       0.874

 BURN1    WITH
    BURN6            0.350       0.375       0.388       0.456       0.524       0.537       0.562

 BURN4    WITH
    BURN5            0.053       0.082       0.096       0.173       0.249       0.263       0.292

 Intercepts
    BURN1            1.776       1.823       1.847       1.973       2.099       2.123       2.170
    BURN2            1.611       1.655       1.677       1.796       1.914       1.936       1.981
    BURN3            1.787       1.834       1.858       1.984       2.110       2.134       2.182
    BURN4            1.592       1.636       1.658       1.776       1.893       1.915       1.959
    BURN5            1.712       1.758       1.781       1.904       2.026       2.050       2.096
    BURN6            1.996       2.047       2.073       2.208       2.344       2.370       2.421

 Variances
    BURN             1.000       1.000       1.000       1.000       1.000       1.000       1.000

 Residual Variances
    BURN1            0.456       0.479       0.490       0.551       0.613       0.624       0.647
    BURN2            0.246       0.263       0.273       0.320       0.368       0.377       0.395
    BURN3            0.129       0.144       0.152       0.192       0.232       0.240       0.255
    BURN4            0.500       0.523       0.535       0.596       0.657       0.668       0.691
    BURN5            0.509       0.532       0.544       0.605       0.666       0.678       0.701
    BURN6            0.238       0.256       0.265       0.312       0.359       0.368       0.386


STDY Standardization

                  Lower .5%  Lower 2.5%    Lower 5%    Estimate    Upper 5%  Upper 2.5%   Upper .5%

 BURN     BY
    BURN1            0.598       0.615       0.624       0.670       0.715       0.724       0.741
    BURN2            0.779       0.790       0.795       0.824       0.853       0.859       0.870
    BURN3            0.864       0.872       0.877       0.899       0.921       0.925       0.934
    BURN4            0.561       0.579       0.588       0.636       0.684       0.693       0.711
    BURN5            0.552       0.571       0.580       0.629       0.677       0.686       0.705
    BURN6            0.785       0.796       0.801       0.829       0.858       0.863       0.874

 BURN1    WITH
    BURN6            0.350       0.375       0.388       0.456       0.524       0.537       0.562

 BURN4    WITH
    BURN5            0.053       0.082       0.096       0.173       0.249       0.263       0.292

 Intercepts
    BURN1            1.776       1.823       1.847       1.973       2.099       2.123       2.170
    BURN2            1.611       1.655       1.677       1.796       1.914       1.936       1.981
    BURN3            1.787       1.834       1.858       1.984       2.110       2.134       2.182
    BURN4            1.592       1.636       1.658       1.776       1.893       1.915       1.959
    BURN5            1.712       1.758       1.781       1.904       2.026       2.050       2.096
    BURN6            1.996       2.047       2.073       2.208       2.344       2.370       2.421

 Variances
    BURN             1.000       1.000       1.000       1.000       1.000       1.000       1.000

 Residual Variances
    BURN1            0.456       0.479       0.490       0.551       0.613       0.624       0.647
    BURN2            0.246       0.263       0.273       0.320       0.368       0.377       0.395
    BURN3            0.129       0.144       0.152       0.192       0.232       0.240       0.255
    BURN4            0.500       0.523       0.535       0.596       0.657       0.668       0.691
    BURN5            0.509       0.532       0.544       0.605       0.666       0.678       0.701
    BURN6            0.238       0.256       0.265       0.312       0.359       0.368       0.386


STD Standardization

                  Lower .5%  Lower 2.5%    Lower 5%    Estimate    Upper 5%  Upper 2.5%   Upper .5%

 BURN     BY
    BURN1            0.572       0.597       0.611       0.680       0.748       0.762       0.787
    BURN2            0.742       0.766       0.778       0.841       0.904       0.916       0.940
    BURN3            0.843       0.866       0.877       0.939       1.001       1.013       1.036
    BURN4            0.423       0.443       0.454       0.508       0.563       0.573       0.594
    BURN5            0.505       0.530       0.542       0.609       0.675       0.688       0.713
    BURN6            0.709       0.731       0.743       0.802       0.862       0.874       0.896

 BURN1    WITH
    BURN6            0.121       0.136       0.144       0.186       0.227       0.235       0.250

 BURN4    WITH
    BURN5            0.021       0.035       0.042       0.080       0.118       0.125       0.139

 Intercepts
    BURN1            1.886       1.914       1.928       2.002       2.076       2.090       2.118
    BURN2            1.715       1.743       1.757       1.832       1.907       1.921       1.949
    BURN3            1.953       1.982       1.997       2.073       2.150       2.164       2.193
    BURN4            1.327       1.349       1.361       1.419       1.477       1.489       1.510
    BURN5            1.733       1.759       1.773       1.844       1.915       1.928       1.955
    BURN6            2.026       2.052       2.066       2.136       2.207       2.221       2.247

 Variances
    BURN             1.000       1.000       1.000       1.000       1.000       1.000       1.000

 Residual Variances
    BURN1            0.465       0.489       0.502       0.568       0.634       0.646       0.671
    BURN2            0.263       0.280       0.288       0.333       0.379       0.387       0.404
    BURN3            0.146       0.162       0.169       0.209       0.250       0.257       0.273
    BURN4            0.314       0.330       0.338       0.380       0.423       0.431       0.447
    BURN5            0.468       0.492       0.504       0.568       0.631       0.643       0.667
    BURN6            0.229       0.244       0.252       0.292       0.332       0.340       0.355


MODEL MODIFICATION INDICES

NOTE:  Modification indices for direct effects of observed dependent variables
regressed on covariates may not be included.  To include these, request
MODINDICES (ALL).

Minimum M.I. value for printing the modification index    10.000

                                   M.I.     E.P.C.  Std E.P.C.  StdYX E.P.C.

No modification indices above the minimum value.



DIAGRAM INFORMATION

  Use View Diagram under the Diagram menu in the Mplus Editor to view the diagram.
  If running Mplus from the Mplus Diagrammer, the diagram opens automatically.

  Diagram output
    c:\users\yxd121\desktop\inclass2\inclass_cfa_2.dgm

     Beginning Time:  09:32:40
        Ending Time:  09:32:40
       Elapsed Time:  00:00:00



MUTHEN & MUTHEN
3463 Stoner Ave.
Los Angeles, CA  90066

Tel: (310) 391-9971
Fax: (310) 391-8971
Web: www.StatModel.com
Support: Support@StatModel.com

Copyright (c) 1998-2015 Muthen & Muthen
